{"ts":"2026-05-22T15:09:24.407Z","action":"create-wedding","targetId":"w_mph22e5x_6k60","data":{"groomName":"Test Groom","brideName":"Test Bride","date":"2026-06-01"}}
{"ts":"2026-05-22T15:09:46.916Z","action":"patch-couple","targetId":"c1","data":{"suspended":true}}
{"ts":"2026-05-22T15:09:46.957Z","action":"delete-couple","targetId":"c3"}
{"ts":"2026-05-22T16:50:18.048Z","action":"create-rsvp","targetId":"r_mph5o56n_mint","data":{"guestId":"g_1","weddingId":"w_1","status":"confirmed","attendingCount":1,"mealPreference":"veg","liquorPreference":"yes","notes":"Testing"}}
{"ts":"2026-05-22T20:18:29.917Z","action":"token-rsvp-submit","targetId":"r_mphd3vz0_9cnv","data":{"weddingId":"w_1","guestName":"Nimal Perera","attending":true}}
{"ts":"2026-05-22T20:18:29.984Z","action":"token-rsvp-submit","targetId":"r_mphd3vz0_9cnv","data":{"weddingId":"w_1","guestName":"Nimal Perera","attending":true}}
{"ts":"2026-05-22T20:18:30.566Z","action":"token-rsvp-submit","targetId":"r_mphd3vz0_9cnv","data":{"weddingId":"w_1","guestName":"Nimal Perera","attending":false}}
{"ts":"2026-05-22T20:31:14.656Z","action":"create-wedding","targetId":"w_mphdka1s_cwqi","data":{"groomName":"Countdown","brideName":"Gallery","date":"2026-08-15"}}
{"ts":"2026-05-23T03:23:24.212Z","action":"token-rsvp-submit","targetId":"r_mphsabhv_bkhl","data":{"weddingId":"w_1","guestName":"Nimal Perera","attending":true}}
{"ts":"2026-05-23T03:23:24.392Z","action":"token-rsvp-submit","targetId":"r_mphsabhv_bkhl","data":{"weddingId":"w_1","guestName":"Nimal Perera","attending":true}}
{"ts":"2026-05-23T03:23:25.200Z","action":"token-rsvp-submit","targetId":"r_mphsabhv_bkhl","data":{"weddingId":"w_1","guestName":"Nimal Perera","attending":false}}
{"ts":"2026-05-23T03:23:42.620Z","action":"token-rsvp-submit","targetId":"r_mphsapp7_stsz","data":{"weddingId":"w_1","guestName":"Nimal Perera","attending":true}}
{"ts":"2026-05-23T03:23:42.708Z","action":"token-rsvp-submit","targetId":"r_mphsapp7_stsz","data":{"weddingId":"w_1","guestName":"Nimal Perera","attending":true}}
{"ts":"2026-05-23T03:23:43.016Z","action":"token-rsvp-submit","targetId":"r_mphsapp7_stsz","data":{"weddingId":"w_1","guestName":"Nimal Perera","attending":false}}
{"ts":"2026-05-23T03:23:47.419Z","action":"create-wedding","targetId":"w_mphsatej_eoew","data":{"groomName":"Countdown","brideName":"Gallery","date":"2026-08-15"}}
{"ts":"2026-05-23T03:23:56.895Z","action":"token-rsvp-submit","targetId":"r_mphsb0pq_5z71","data":{"weddingId":"w_1","guestName":"Nimal Perera","attending":true}}
{"ts":"2026-05-23T03:23:57.144Z","action":"token-rsvp-submit","targetId":"r_mphsb0pq_5z71","data":{"weddingId":"w_1","guestName":"Nimal Perera","attending":true}}
{"ts":"2026-05-23T03:23:57.527Z","action":"token-rsvp-submit","targetId":"r_mphsb0pq_5z71","data":{"weddingId":"w_1","guestName":"Nimal Perera","attending":false}}
{"ts":"2026-05-23T03:24:30.306Z","action":"token-rsvp-submit","targetId":"r_mphsbqhs_76pf","data":{"weddingId":"w_1","guestName":"Nimal Perera","attending":true}}
{"ts":"2026-05-23T03:24:30.499Z","action":"token-rsvp-submit","targetId":"r_mphsbqhs_76pf","data":{"weddingId":"w_1","guestName":"Nimal Perera","attending":true}}
{"ts":"2026-05-23T03:24:31.095Z","action":"token-rsvp-submit","targetId":"r_mphsbqhs_76pf","data":{"weddingId":"w_1","guestName":"Nimal Perera","attending":false}}
{"ts":"2026-05-23T03:24:33.946Z","action":"create-wedding","targetId":"w_mphsbtax_utci","data":{"groomName":"Countdown","brideName":"Gallery","date":"2026-08-15"}}
{"ts":"2026-05-23T03:24:36.643Z","action":"token-rsvp-submit","targetId":"r_mphsbvdu_me8u","data":{"weddingId":"w_1","guestName":"Nimal Perera","attending":true}}
{"ts":"2026-05-23T03:24:36.728Z","action":"token-rsvp-submit","targetId":"r_mphsbvdu_me8u","data":{"weddingId":"w_1","guestName":"Nimal Perera","attending":true}}
{"ts":"2026-05-23T03:24:37.077Z","action":"token-rsvp-submit","targetId":"r_mphsbvdu_me8u","data":{"weddingId":"w_1","guestName":"Nimal Perera","attending":false}}
{"ts":"2026-05-23T16:02:40.967Z","event":"stripe.webhook.received","type":"checkout.session.completed","id":"test_evt_1"}
{"ts":"2026-05-23T16:02:40.969Z","event":"checkout.session.completed","sessionId":"sess_test","customer":"cus_test","subscription":"sub_test"}
{"ts":"2026-05-23T16:03:11.200Z","event":"stripe.webhook.received","type":"checkout.session.completed","id":"test_evt_1"}
{"ts":"2026-05-23T16:03:11.222Z","event":"checkout.session.completed","sessionId":"sess_test","customer":"cus_test","subscription":"sub_test"}
{"ts":"2026-05-23T16:03:40.903Z","event":"checkout.session.mock_created","sessionId":"sess_test","customerEmail":"test+billing@local"}
{"ts":"2026-05-23T16:03:41.024Z","event":"stripe.webhook.received","type":"checkout.session.completed","id":"test_evt_1"}
{"ts":"2026-05-23T16:03:41.037Z","event":"checkout.session.completed","sessionId":"sess_test","customer":"cus_test","subscription":"sub_test"}
{"ts":"2026-05-23T16:07:02.142Z","action":"patch-couple","targetId":"c1","data":{"plan":"premium","billingState":"active","adminNotes":"Upgraded to premium manually after wire transfer."}}
{"ts":"2026-05-23T16:08:14.387Z","event":"sandbox.checkout.created","sessionId":"sess_sandbox_1001","priceId":null,"customerEmail":"test+billing@local"}
{"ts":"2026-05-23T16:08:14.389Z","event":"checkout.session.sandbox_created","sessionId":"sess_sandbox_1001","customerEmail":"test+billing@local"}
{"ts":"2026-05-23T16:08:15.649Z","event":"stripe.webhook.received","type":"checkout.session.completed","id":"test_evt_1"}
{"ts":"2026-05-23T16:08:15.653Z","event":"checkout.session.completed","sessionId":"sess_sandbox_1001","customer":"cus_test","subscription":"sub_test"}
{"ts":"2026-05-23T16:28:19.531Z","event":"sandbox.checkout.created","sessionId":"sess_sandbox_1001","priceId":null,"customerEmail":"test+billing@local"}
{"ts":"2026-05-23T16:28:19.533Z","event":"checkout.session.sandbox_created","sessionId":"sess_sandbox_1001","customerEmail":"test+billing@local"}
{"ts":"2026-05-23T16:28:23.418Z","event":"stripe.webhook.received","type":"checkout.session.completed","id":"test_evt_1"}
{"ts":"2026-05-23T16:28:23.419Z","event":"checkout.session.completed","sessionId":"sess_sandbox_1001","customer":"cus_test","subscription":"sub_test"}
{"ts":"2026-05-23T16:28:23.421Z","event":"billing.subscription.skipped","reason":"no_email","customerId":"cus_test","subscriptionId":"sub_test"}
{"ts":"2026-05-23T16:29:05.770Z","event":"sandbox.checkout.created","sessionId":"sess_sandbox_1001","priceId":null,"customerEmail":"test+billing@local"}
{"ts":"2026-05-23T16:29:05.772Z","event":"checkout.session.sandbox_created","sessionId":"sess_sandbox_1001","customerEmail":"test+billing@local"}
{"ts":"2026-05-23T16:29:05.881Z","event":"stripe.webhook.received","type":"checkout.session.completed","id":"test_evt_1"}
{"ts":"2026-05-23T16:29:05.892Z","event":"checkout.session.completed","sessionId":"sess_sandbox_1001","customer":"cus_test","subscription":"sub_test"}
{"ts":"2026-05-23T16:29:05.911Z","event":"billing.subscription.saved","key":"customer:cus_test","customerId":"cus_test","subscriptionId":"sub_test","status":"active","rec":{"customerId":"cus_test","subscriptionId":"sub_test","status":"active","updatedAt":"2026-05-23T16:29:05.909Z"}}
{"ts":"2026-05-23T16:32:13.452Z","action":"token-rsvp-submit","targetId":"r_mpikgqyz_8d67","data":{"weddingId":"w_1","guestName":"Nimal Perera","attending":true}}
{"ts":"2026-05-23T16:32:13.531Z","action":"token-rsvp-submit","targetId":"r_mpikgqyz_8d67","data":{"weddingId":"w_1","guestName":"Nimal Perera","attending":true}}
{"ts":"2026-05-23T16:32:13.753Z","action":"token-rsvp-submit","targetId":"r_mpikgqyz_8d67","data":{"weddingId":"w_1","guestName":"Nimal Perera","attending":false}}
{"ts":"2026-05-23T16:32:24.411Z","action":"create-wedding","targetId":"w_mpikgzfe_mcxy","data":{"groomName":"Countdown","brideName":"Gallery","date":"2026-08-15"}}
{"ts":"2026-05-23T16:32:28.424Z","action":"token-rsvp-submit","targetId":"r_mpikh2iw_6s4u","data":{"weddingId":"w_1","guestName":"Nimal Perera","attending":true}}
{"ts":"2026-05-23T16:32:28.493Z","action":"token-rsvp-submit","targetId":"r_mpikh2iw_6s4u","data":{"weddingId":"w_1","guestName":"Nimal Perera","attending":true}}
{"ts":"2026-05-23T16:32:28.750Z","action":"token-rsvp-submit","targetId":"r_mpikh2iw_6s4u","data":{"weddingId":"w_1","guestName":"Nimal Perera","attending":false}}
{"ts":"2026-05-23T16:32:30.696Z","action":"create-wedding","targetId":"w_mpikh49z_zhxu","data":{"groomName":"Countdown","brideName":"Gallery","date":"2026-08-15"}}
{"ts":"2026-05-23T16:32:32.653Z","action":"token-rsvp-submit","targetId":"r_mpikh5sd_45lf","data":{"weddingId":"w_1","guestName":"Nimal Perera","attending":true}}
{"ts":"2026-05-23T16:32:32.713Z","action":"token-rsvp-submit","targetId":"r_mpikh5sd_45lf","data":{"weddingId":"w_1","guestName":"Nimal Perera","attending":true}}
{"ts":"2026-05-23T16:32:32.967Z","action":"token-rsvp-submit","targetId":"r_mpikh5sd_45lf","data":{"weddingId":"w_1","guestName":"Nimal Perera","attending":false}}
{"ts":"2026-05-23T16:35:22.553Z","action":"vendor-create","targetId":"vnd_mpikksvs_4enc79","data":{"businessName":"Test Vendor 1779554116916"}}
{"ts":"2026-05-23T16:35:29.176Z","action":"vendor-approve","targetId":"vnd_mpikksvs_4enc79","reviewedBy":"smoke-test","notes":"automated approve"}
{"ts":"2026-05-23T16:35:29.270Z","action":"vendor-create","targetId":"vnd_mpikky2d_x304w6","data":{"businessName":"Test Vendor 1779554129195"}}
{"ts":"2026-05-23T16:35:29.403Z","action":"vendor-reject","targetId":"vnd_mpikky2d_x304w6","reviewedBy":"smoke-test","notes":"automated reject"}
{"ts":"2026-05-23T16:35:37.056Z","action":"vendor-delete","targetId":"vnd_mpikksvs_4enc79"}
{"ts":"2026-05-23T16:35:37.119Z","action":"vendor-delete","targetId":"vnd_mpikky2d_x304w6"}
{"ts":"2026-05-23T16:37:26.004Z","event":"sandbox.checkout.created","sessionId":"sess_sandbox_1001","priceId":null,"customerEmail":"test+billing@local"}
{"ts":"2026-05-23T16:37:26.027Z","event":"checkout.session.sandbox_created","sessionId":"sess_sandbox_1001","customerEmail":"test+billing@local"}
{"ts":"2026-05-23T16:37:34.628Z","event":"stripe.webhook.received","type":"checkout.session.completed","id":"test_evt_1"}
{"ts":"2026-05-23T16:37:34.632Z","event":"checkout.session.completed","sessionId":"sess_sandbox_1001","customer":"cus_test","subscription":"sub_test"}
{"ts":"2026-05-23T16:37:34.646Z","event":"billing.subscription.saved","key":"customer:cus_test","customerId":"cus_test","subscriptionId":"sub_test","status":"active","rec":{"customerId":"cus_test","subscriptionId":"sub_test","status":"active","updatedAt":"2026-05-23T16:37:34.642Z"}}
{"ts":"2026-05-23T16:39:26.915Z","event":"sandbox.checkout.created","sessionId":"sess_sandbox_1001","priceId":null,"customerEmail":"test+billing@local"}
{"ts":"2026-05-23T16:39:26.917Z","event":"checkout.session.sandbox_created","sessionId":"sess_sandbox_1001","customerEmail":"test+billing@local"}
{"ts":"2026-05-23T16:39:29.886Z","event":"stripe.webhook.received","type":"checkout.session.completed","id":"test_evt_1"}
{"ts":"2026-05-23T16:39:29.888Z","event":"checkout.session.completed","sessionId":"sess_sandbox_1001","customer":"cus_test","subscription":"sub_test"}
{"ts":"2026-05-23T16:39:29.895Z","event":"billing.subscription.saved","key":"customer:cus_test","customerId":"cus_test","subscriptionId":"sub_test","status":"active","rec":{"customerId":"cus_test","subscriptionId":"sub_test","status":"active","updatedAt":"2026-05-23T16:39:29.892Z"}}
{"ts":"2026-06-26T20:06:53.569Z","action":"create-wedding","targetId":"22a2a1ac-f8aa-44d2-bf30-16028615bd1b","data":{"groomName":"Sunil","brideName":"Nimashi","userId":"12c267a1-30d3-4b82-a30d-036791b848ee"}}
{"ts":"2026-06-26T20:29:52.380Z","action":"token-rsvp-submit","targetId":"e32825de-c31b-4d25-94c4-f5c1c47cb9e5","data":{"weddingId":"22a2a1ac-f8aa-44d2-bf30-16028615bd1b","guestName":"AB","attending":true}}
{"ts":"2026-06-26T20:33:21.491Z","action":"token-rsvp-submit","targetId":"e32825de-c31b-4d25-94c4-f5c1c47cb9e5","data":{"weddingId":"22a2a1ac-f8aa-44d2-bf30-16028615bd1b","guestName":"AB","attending":true}}
{"ts":"2026-06-27T10:38:32.714Z","action":"create-wedding","targetId":"f09597c4-7353-4644-9cb4-60afec71e994","data":{"groomName":"Sudesh","brideName":"Kumari","userId":"d6a8622e-1e3a-4c10-b666-255df7672dfe"}}
{"ts":"2026-07-13T15:25:51.066Z","action":"create-wedding","targetId":"70346daf-7367-4d0e-8c78-8f356f59e351","data":{"groomName":"Sudesh","brideName":"Kusumi","userId":"acb6f7e7-795e-4410-8229-a2bf12efb389"}}
{"ts":"2026-07-13T17:22:14.776Z","action":"token-rsvp-submit","targetId":"8f0b3db4-e438-4d74-853a-aa6491b1a9c8","data":{"weddingId":"70346daf-7367-4d0e-8c78-8f356f59e351","guestName":"Mary Perera","attending":true}}
{"ts":"2026-07-13T17:23:47.347Z","action":"token-rsvp-submit","targetId":"7ab114bf-51a2-490f-9a0c-10a42629fe30","data":{"weddingId":"70346daf-7367-4d0e-8c78-8f356f59e351","guestName":"Dinesh Kumara","attending":false}}
{"ts":"2026-07-13T17:25:38.813Z","action":"token-rsvp-submit","targetId":"17930f07-a0ad-45d3-b50e-556949949577","data":{"weddingId":"70346daf-7367-4d0e-8c78-8f356f59e351","guestName":"Prasad Rajapaksha","attending":true}}
{"ts":"2026-07-13T17:26:02.098Z","action":"token-rsvp-submit","targetId":"17930f07-a0ad-45d3-b50e-556949949577","data":{"weddingId":"70346daf-7367-4d0e-8c78-8f356f59e351","guestName":"Prasad Rajapaksha","attending":true}}
